[2025-07-16 12:27:17] Database 'rolapplicatie' bestaat al.
[2025-07-16 12:27:17] Tabel 'users' is aangemaakt.
[2025-07-16 12:27:17] Database connectie succesvol! Applicatie is klaar voor gebruik.
[2025-07-16 12:27:58] Database 'rolapplicatie' bestaat niet, wordt aangemaakt.
[2025-07-16 12:27:58] Database 'rolapplicatie' is succesvol aangemaakt.
[2025-07-16 12:27:58] Tabel 'users' is aangemaakt.
[2025-07-16 12:27:58] Database connectie succesvol! Applicatie is klaar voor gebruik.
[2025-07-16 13:46:54] Database 'rolapplicatie' bestaat al.
[2025-07-16 13:46:54] Tabel 'users' bestaat al.
[2025-07-16 13:46:54] Database connectie succesvol! Applicatie is klaar voor gebruik.
[2025-07-16 13:50:38] Database fout: SQLSTATE[HY000] [2002] Kan geen verbinding maken omdat de doelcomputer de verbinding actief heeft geweigerd
[2025-07-16 13:50:38] Database connectie mislukt!
[2025-07-16 13:50:49] Database fout: SQLSTATE[HY000] [2002] Kan geen verbinding maken omdat de doelcomputer de verbinding actief heeft geweigerd
[2025-07-16 13:50:49] Database connectie mislukt!
[2025-07-16 13:57:35] Database 'rolapplicatie' bestaat al.
[2025-07-16 13:57:35] Tabel 'users' bestaat al.
[2025-07-16 13:57:35] Database connectie succesvol! Applicatie is klaar voor gebruik.
[2025-07-16 14:15:18] Database 'rolapplicatie' bestaat al.
[2025-07-16 14:15:18] Tabel 'users' bestaat al.
[2025-07-16 14:15:19] Database connectie succesvol! Applicatie is klaar voor gebruik.
[2025-07-16 14:21:46] Database 'rolapplicatie' bestaat al.
[2025-07-16 14:21:46] Tabel 'users' bestaat al.
[2025-07-16 14:21:46] Database connectie succesvol! Applicatie is klaar voor gebruik.
[2025-07-16 14:22:12] Database 'rolapplicatie' bestaat al.
[2025-07-16 14:22:12] Tabel 'users' bestaat al.
[2025-07-16 14:22:12] Database connectie succesvol! Applicatie is klaar voor gebruik.
[2025-07-16 14:22:34] Database 'rolapplicatie' bestaat al.
[2025-07-16 14:22:34] Tabel 'users' bestaat al.
[2025-07-16 14:22:34] Database connectie succesvol! Applicatie is klaar voor gebruik.
[2025-07-16 14:24:09] Database 'rolapplicatie' bestaat al.
[2025-07-16 14:24:09] Tabel 'users' bestaat al.
[2025-07-16 14:24:09] Database connectie succesvol! Applicatie is klaar voor gebruik.
[2025-07-16 14:24:14] Database 'rolapplicatie' bestaat al.
[2025-07-16 14:24:14] Tabel 'users' bestaat al.
[2025-07-16 14:24:14] Database connectie succesvol! Applicatie is klaar voor gebruik.
[2025-07-16 14:26:02] Database 'rolapplicatie' bestaat al.
[2025-07-16 14:26:02] Tabel 'users' bestaat al.
[2025-07-16 14:26:02] Database connectie succesvol! Applicatie is klaar voor gebruik.
[2025-07-16 14:26:29] Database 'rolapplicatie' bestaat al.
[2025-07-16 14:26:29] Tabel 'users' bestaat al.
[2025-07-16 14:26:29] Database connectie succesvol! Applicatie is klaar voor gebruik.
[2025-07-16 14:26:41] Database 'rolapplicatie' bestaat al.
[2025-07-16 14:26:41] Tabel 'users' bestaat al.
[2025-07-16 14:26:41] Database connectie succesvol! Applicatie is klaar voor gebruik.
[2025-07-16 14:26:48] Database 'rolapplicatie' bestaat al.
[2025-07-16 14:26:48] Tabel 'users' bestaat al.
[2025-07-16 14:26:48] Database connectie succesvol! Applicatie is klaar voor gebruik.
[2025-07-16 14:52:25] Database 'rolapplicatie' bestaat al.
[2025-07-16 14:52:25] Tabel 'users' bestaat al.
[2025-07-16 14:52:25] Database connectie succesvol! Applicatie is klaar voor gebruik.
[2025-07-16 14:52:34] Database 'rolapplicatie' bestaat al.
[2025-07-16 14:52:34] Tabel 'users' bestaat al.
[2025-07-16 14:52:34] Database connectie succesvol! Applicatie is klaar voor gebruik.
